ISim log file
Running: D:\Projects\ISE\mips2\test_isim_beh.exe -intstyle ise -gui -tclbatch isim.cmd -wdb D:/Projects/ISE/mips2/test_isim_beh.wdb 
ISim P.20131013 (signature 0x8ef4fb42)
----------------------------------------------------------------------
INFO:Security:51 - The XILINXD_LICENSE_FILE environment variable is not set.
INFO:Security:53 - The LM_LICENSE_FILE environment variable is not set.
INFO:Security:68a - user is Αυ³©, on host LAPTOP-U9AC09F2.
WARNING:Security:43 - No license file was found in the standard Xilinx license directory.
WARNING:Security:44 - Since no license file was found,
       please run the Xilinx License Configuration Manager
       (xlcm or "Manage Xilinx Licenses")
       to assist in obtaining a license.
ERROR:Security:14 - No feature was available for 'ISIM'.

No such feature exists.
Feature:       ISIM
License path:  C:/.Xilinx;D:\Xilinx_ISE_14.7\14.7\ISE_DS\ISE\/coregen/core_licenses\Xilinx.lic;D:\Xilinx_ISE_14.7\14.7\ISE_DS\ISE\/coregen/core_licenses\XilinxFree.lic;
FLEXnet Licensing error:-5,357
For further information, refer to the FLEXnet Licensing documentation,
available at "www.flexerasoftware.com".
----------------------------------------------------------------------
WARNING: A full ISim License cannot be checked out due to the issues listed above. Please use Xilinx License Configuration Manager to fix these issues in order to check out a full ISim license.
WARNING: ISim will run in Lite mode. Please refer to the ISim documentation for more information on the differences between the Lite and the Full version.
This is a Lite version of ISim.
WARNING: File "D:/Projects/ISE/mips2/cpu.v" Line 37.  For instance _cpu/_cp0/, width 5 of formal port ExcCode is not equal to width 6 of actual signal ExcCode.
Time resolution is 1 ps
# onerror resume
# wave add /
# run 1000 ns
Simulator is doing circuit initialization process.
Finished circuit initialization process.
$ 1 <= 00000000
$ 2 <= 00000000
$ 3 <= 00000000
$ 4 <= 00000000
$ 5 <= 00000000
$ 6 <= 00000000
$ 7 <= 00000000
$ 8 <= 00000000
$ 9 <= 00000000
$10 <= 00000000
$11 <= 00000000
$12 <= 00000000
$13 <= 00000000
$14 <= 00000000
$15 <= 00000000
$16 <= 00000000
$17 <= 00000000
$18 <= 00000000
$19 <= 00000000
$20 <= 00000000
$21 <= 00000000
$22 <= 00000000
$23 <= 00000000
$24 <= 00000000
$25 <= 00000000
$26 <= 00000000
$27 <= 00000000
$28 <= 00000000
$29 <= 00000000
$30 <= 00000000
$31 <= 00000000
$ 8 <= 00007f00
*00000000 <= 00007f00
$ 9 <= 00007f10
*00000004 <= 00007f10
$ 8 <= 00000401
$ 9 <= 00000004
$ 9 <= 00007f10
$ 8 <= 00000004
$ 8 <= 00000009
$ 9 <= 00000000
$ 9 <= 00007f00
$ 8 <= 00000008
$ 8 <= 00000009
$ 2 <= 00000001
$ 3 <= 00000001
$17 <= 00000002
$16 <= 00000002
$26 <= 00001000
*00000ffc <= 00000000
$27 <= 00000403
*00000ff8 <= 00000403
$26 <= 00000f00
$29 <= 00000f00
*00000f04 <= 00000000
*00000f08 <= 00000001
*00000f0c <= 00000001
*00000f10 <= 00000000
*00000f14 <= 00000000
*00000f18 <= 00000000
*00000f1c <= 00000000
*00000f20 <= 00000009
*00000f24 <= 00007f00
*00000f28 <= 00000000
*00000f2c <= 00000000
*00000f30 <= 00000000
*00000f34 <= 00000000
*00000f38 <= 00000000
*00000f3c <= 00000000
*00000f40 <= 00000002
*00000f44 <= 00000002
*00000f48 <= 00000000
*00000f4c <= 00000000
*00000f50 <= 00000000
*00000f54 <= 00000000
*00000f58 <= 00000000
# restart
# run 1.00us
Simulator is doing circuit initialization process.
Finished circuit initialization process.
$ 1 <= 00000000
$ 2 <= 00000000
$ 3 <= 00000000
$ 4 <= 00000000
$ 5 <= 00000000
$ 6 <= 00000000
$ 7 <= 00000000
$ 8 <= 00000000
$ 9 <= 00000000
$10 <= 00000000
$11 <= 00000000
$12 <= 00000000
$13 <= 00000000
$14 <= 00000000
$15 <= 00000000
$16 <= 00000000
$17 <= 00000000
$18 <= 00000000
$19 <= 00000000
$20 <= 00000000
$21 <= 00000000
$22 <= 00000000
$23 <= 00000000
$24 <= 00000000
$25 <= 00000000
$26 <= 00000000
$27 <= 00000000
$28 <= 00000000
$29 <= 00000000
$30 <= 00000000
$31 <= 00000000
$ 8 <= 00007f00
*00000000 <= 00007f00
$ 9 <= 00007f10
*00000004 <= 00007f10
$ 8 <= 00000401
$ 9 <= 00000004
$ 9 <= 00007f10
$ 8 <= 00000004
$ 8 <= 00000009
$ 9 <= 00000000
$ 9 <= 00007f00
$ 8 <= 00000008
$ 8 <= 00000009
$ 2 <= 00000001
$ 3 <= 00000001
$17 <= 00000002
$16 <= 00000002
$26 <= 00001000
*00000ffc <= 00000000
$27 <= 00000403
*00000ff8 <= 00000403
$26 <= 00000f00
$29 <= 00000f00
*00000f04 <= 00000000
*00000f08 <= 00000001
*00000f0c <= 00000001
*00000f10 <= 00000000
*00000f14 <= 00000000
*00000f18 <= 00000000
*00000f1c <= 00000000
*00000f20 <= 00000009
*00000f24 <= 00007f00
*00000f28 <= 00000000
*00000f2c <= 00000000
*00000f30 <= 00000000
*00000f34 <= 00000000
*00000f38 <= 00000000
*00000f3c <= 00000000
*00000f40 <= 00000002
*00000f44 <= 00000002
*00000f48 <= 00000000
*00000f4c <= 00000000
*00000f50 <= 00000000
*00000f54 <= 00000000
*00000f58 <= 00000000
# run 1.00us
*00000f5c <= 00000000
*00000f60 <= 00000000
*00000f64 <= 00000000
*00000f68 <= 00000f00
*00000f6c <= 00000403
*00000f70 <= 00000000
*00000f74 <= 00000f00
*00000f78 <= 00000000
*00000f7c <= 00000000
$26 <= 00000000
*00000f80 <= 00000000
$26 <= 00000002
*00000f84 <= 00000002
$31 <= 000041a8
*00000f00 <= 000041a8
$29 <= 00000ef0
$ 2 <= 00000403
*00000ef0 <= 00000403
$ 2 <= 00000c00
*00000ef4 <= 00000c00
$ 2 <= 00000403
$ 3 <= 00000c00
$ 2 <= 00000400
$ 2 <= 00000000
$ 2 <= 00000403
$ 3 <= 00000c00
$ 2 <= 00000400
$ 2 <= 00000400
$30 <= 00000008
$ 8 <= 00000000
$ 8 <= 00000001
*00000008 <= 00000001
$30 <= 00000010
*00000010 <= 00000002
$31 <= 0000424c
$ 9 <= 00000000
$ 9 <= 00007f00
$ 8 <= 00000009
$ 2 <= 00000100
$ 8 <= 00000009
$ 9 <= 00000004
$ 9 <= 00007f10
$ 8 <= 00000009
$ 2 <= 00000100
$ 8 <= 00000009
$ 8 <= 00000403
$ 8 <= 00000003
$ 8 <= 00000803
$29 <= 00000f00
$31 <= 000041a8
$ 1 <= 00000000
$ 2 <= 00000001
$ 3 <= 00000001
$ 4 <= 00000000
$ 5 <= 00000000
$ 6 <= 00000000
$ 7 <= 00000000
$ 8 <= 00000009
$ 9 <= 00007f00
$10 <= 00000000
$11 <= 00000000
$12 <= 00000000
$13 <= 00000000
$14 <= 00000000
$15 <= 00000000
$16 <= 00000002
# run 1.00us
$17 <= 00000002
$18 <= 00000000
$19 <= 00000000
$20 <= 00000000
$21 <= 00000000
$22 <= 00000000
$23 <= 00000000
$24 <= 00000000
$25 <= 00000000
$26 <= 00000f00
$27 <= 00000403
$28 <= 00000000
$29 <= 00000f00
$30 <= 00000000
$31 <= 00000000
$26 <= 00000000
$26 <= 00000002
$26 <= 00001000
$29 <= 00000000
$27 <= 00000803
$27 <= 00000803
$26 <= 000030e0
$16 <= 00000002
$26 <= 00001000
*00000ffc <= 00000000
$27 <= 00000803
*00000ff8 <= 00000803
$26 <= 00000f00
$29 <= 00000f00
*00000f04 <= 00000000
*00000f08 <= 00000001
*00000f0c <= 00000001
*00000f10 <= 00000000
*00000f14 <= 00000000
*00000f18 <= 00000000
*00000f1c <= 00000000
*00000f20 <= 00000009
*00000f24 <= 00007f00
*00000f28 <= 00000000
*00000f2c <= 00000000
*00000f30 <= 00000000
*00000f34 <= 00000000
*00000f38 <= 00000000
*00000f3c <= 00000000
*00000f40 <= 00000002
*00000f44 <= 00000002
*00000f48 <= 00000000
*00000f4c <= 00000000
*00000f50 <= 00000000
*00000f54 <= 00000000
*00000f58 <= 00000000
*00000f5c <= 00000000
*00000f60 <= 00000000
*00000f64 <= 00000000
*00000f68 <= 00000f00
*00000f6c <= 00000803
*00000f70 <= 00000000
*00000f74 <= 00000f00
*00000f78 <= 00000000
*00000f7c <= 00000000
$26 <= 00000000
*00000f80 <= 00000000
$26 <= 00000002
*00000f84 <= 00000002
$31 <= 000041a8
*00000f00 <= 000041a8
$29 <= 00000ef0
$ 2 <= 00000803
*00000ef0 <= 00000803
$ 2 <= 00000000
*00000ef4 <= 00000000
$ 2 <= 00000803
$ 3 <= 00000000
$ 2 <= 00000000
$ 2 <= 00000000
# run 1.00us
$ 2 <= 00000803
$ 3 <= 00000000
$ 2 <= 00000000
$ 2 <= 00000000
$29 <= 00000f00
$31 <= 000041a8
$ 1 <= 00000000
$ 2 <= 00000001
$ 3 <= 00000001
$ 4 <= 00000000
$ 5 <= 00000000
$ 6 <= 00000000
$ 7 <= 00000000
$ 8 <= 00000009
$ 9 <= 00007f00
$10 <= 00000000
$11 <= 00000000
$12 <= 00000000
$13 <= 00000000
$14 <= 00000000
$15 <= 00000000
$16 <= 00000002
$17 <= 00000002
$18 <= 00000000
$19 <= 00000000
$20 <= 00000000
$21 <= 00000000
$22 <= 00000000
$23 <= 00000000
$24 <= 00000000
$25 <= 00000000
$26 <= 00000f00
$27 <= 00000803
$28 <= 00000000
$29 <= 00000f00
$30 <= 00000000
$31 <= 00000000
$26 <= 00000000
$26 <= 00000002
$26 <= 00001000
$29 <= 00000000
$27 <= 00000803
$27 <= 00000803
$26 <= 000030e0
$16 <= 00000002
$ 3 <= 00000002
$17 <= 00000002
$16 <= 00000004
$ 3 <= 00000003
$17 <= 00000002
$16 <= 00000006
$ 3 <= 00000004
$17 <= 00000002
# run 1.00us
$16 <= 00000008
$ 3 <= 00000005
$17 <= 00000002
$16 <= 0000000a
$ 3 <= 00000006
$17 <= 00000002
$16 <= 0000000c
$26 <= 00001000
*00000ffc <= 00000000
$27 <= 00000803
*00000ff8 <= 00000803
$26 <= 00000f00
$29 <= 00000f00
*00000f04 <= 00000000
*00000f08 <= 00000001
*00000f0c <= 00000006
*00000f10 <= 00000000
*00000f14 <= 00000000
*00000f18 <= 00000000
*00000f1c <= 00000000
*00000f20 <= 00000009
*00000f24 <= 00007f00
*00000f28 <= 00000000
*00000f2c <= 00000000
*00000f30 <= 00000000
*00000f34 <= 00000000
*00000f38 <= 00000000
*00000f3c <= 00000000
*00000f40 <= 0000000c
*00000f44 <= 00000002
*00000f48 <= 00000000
*00000f4c <= 00000000
*00000f50 <= 00000000
*00000f54 <= 00000000
*00000f58 <= 00000000
*00000f5c <= 00000000
*00000f60 <= 00000000
*00000f64 <= 00000000
*00000f68 <= 00000f00
*00000f6c <= 00000803
*00000f70 <= 00000000
*00000f74 <= 00000f00
*00000f78 <= 00000000
*00000f7c <= 00000000
$26 <= 00000000
*00000f80 <= 00000000
$26 <= 0000000c
*00000f84 <= 0000000c
$31 <= 000041a8
*00000f00 <= 000041a8
$29 <= 00000ef0
$ 2 <= 00000803
*00000ef0 <= 00000803
$ 2 <= 00000c00
*00000ef4 <= 00000c00
$ 2 <= 00000803
$ 3 <= 00000c00
$ 2 <= 00000800
$ 2 <= 00000800
$30 <= 0000000c
$ 8 <= 00000000
$ 8 <= 00000001
*0000000c <= 00000001
$30 <= 00000014
*00000014 <= 0000000c
$31 <= 00004284
$ 9 <= 00000000
# run 1.00us
$ 9 <= 00007f00
$ 8 <= 00000009
$ 2 <= 00000100
$ 8 <= 00000009
$ 9 <= 00000004
$ 9 <= 00007f10
$ 8 <= 00000009
$ 2 <= 00000100
$ 8 <= 00000009
$ 8 <= 00000803
$ 8 <= 00000003
$ 8 <= 00000403
$29 <= 00000f00
$31 <= 000041a8
$ 1 <= 00000000
$ 2 <= 00000001
$ 3 <= 00000006
$ 4 <= 00000000
$ 5 <= 00000000
$ 6 <= 00000000
$ 7 <= 00000000
$ 8 <= 00000009
$ 9 <= 00007f00
$10 <= 00000000
$11 <= 00000000
$12 <= 00000000
$13 <= 00000000
$14 <= 00000000
$15 <= 00000000
$16 <= 0000000c
$17 <= 00000002
$18 <= 00000000
$19 <= 00000000
$20 <= 00000000
$21 <= 00000000
$22 <= 00000000
$23 <= 00000000
$24 <= 00000000
$25 <= 00000000
$26 <= 00000f00
$27 <= 00000803
$28 <= 00000000
$29 <= 00000f00
$30 <= 00000000
$31 <= 00000000
$26 <= 00000000
$26 <= 0000000c
$26 <= 00001000
$29 <= 00000000
$27 <= 00000403
$27 <= 00000403
$26 <= 000030e4
$26 <= 00001000
*00000ffc <= 00000000
$27 <= 00000403
*00000ff8 <= 00000403
$26 <= 00000f00
$29 <= 00000f00
*00000f04 <= 00000000
*00000f08 <= 00000001
*00000f0c <= 00000006
# run 1.00us
*00000f10 <= 00000000
*00000f14 <= 00000000
*00000f18 <= 00000000
*00000f1c <= 00000000
*00000f20 <= 00000009
*00000f24 <= 00007f00
*00000f28 <= 00000000
*00000f2c <= 00000000
*00000f30 <= 00000000
*00000f34 <= 00000000
*00000f38 <= 00000000
*00000f3c <= 00000000
*00000f40 <= 0000000c
*00000f44 <= 00000002
*00000f48 <= 00000000
*00000f4c <= 00000000
*00000f50 <= 00000000
*00000f54 <= 00000000
*00000f58 <= 00000000
*00000f5c <= 00000000
*00000f60 <= 00000000
*00000f64 <= 00000000
*00000f68 <= 00000f00
*00000f6c <= 00000403
*00000f70 <= 00000000
*00000f74 <= 00000f00
*00000f78 <= 00000000
*00000f7c <= 00000000
$26 <= 00000000
*00000f80 <= 00000000
$26 <= 0000000c
*00000f84 <= 0000000c
$31 <= 000041a8
*00000f00 <= 000041a8
$29 <= 00000ef0
$ 2 <= 00000403
*00000ef0 <= 00000403
$ 2 <= 00000000
*00000ef4 <= 00000000
$ 2 <= 00000403
$ 3 <= 00000000
$ 2 <= 00000000
$ 2 <= 00000000
$ 2 <= 00000403
$ 3 <= 00000000
$ 2 <= 00000000
$ 2 <= 00000000
$29 <= 00000f00
$31 <= 000041a8
$ 1 <= 00000000
$ 2 <= 00000001
$ 3 <= 00000006
$ 4 <= 00000000
$ 5 <= 00000000
$ 6 <= 00000000
$ 7 <= 00000000
$ 8 <= 00000009
$ 9 <= 00007f00
$10 <= 00000000
$11 <= 00000000
$12 <= 00000000
$13 <= 00000000
$14 <= 00000000
$15 <= 00000000
$16 <= 0000000c
$17 <= 00000002
$18 <= 00000000
$19 <= 00000000
$20 <= 00000000
$21 <= 00000000
$22 <= 00000000
$23 <= 00000000
$24 <= 00000000
$25 <= 00000000
$26 <= 00000f00
$27 <= 00000403
$28 <= 00000000
$29 <= 00000f00
$30 <= 00000000
$31 <= 00000000
$26 <= 00000000
# run 1.00us
$26 <= 0000000c
$26 <= 00001000
$29 <= 00000000
$27 <= 00000403
$27 <= 00000403
$26 <= 000030e4
$ 3 <= 00000007
$17 <= 00000002
$16 <= 0000000e
$ 3 <= 00000008
$17 <= 00000002
$16 <= 00000010
$ 3 <= 00000009
$17 <= 00000002
$16 <= 00000012
$ 3 <= 0000000a
$17 <= 00000002
$16 <= 00000014
$ 3 <= 0000000b
$17 <= 00000002
$ 3 <= 0000000c
$17 <= 00000002
$16 <= 00000018
$ 3 <= 0000000d
$17 <= 00000002
$16 <= 0000001a
$ 3 <= 0000000e
$17 <= 00000002
# run 1.00us
$16 <= 0000001c
$ 3 <= 0000000f
$17 <= 00000002
$16 <= 0000001e
$ 3 <= 00000010
$17 <= 00000002
$16 <= 00000020
$ 3 <= 00000011
$17 <= 00000002
$16 <= 00000022
$ 3 <= 00000012
$17 <= 00000002
$16 <= 00000024
$ 3 <= 00000013
$17 <= 00000002
$16 <= 00000026
$ 3 <= 00000014
$17 <= 00000002
$16 <= 00000028
$ 3 <= 00000015
$17 <= 00000002
$16 <= 0000002a
$ 3 <= 00000016
$17 <= 00000002
$16 <= 0000002c
$ 3 <= 00000017
$17 <= 00000002
# run 1.00us
$16 <= 0000002e
$ 3 <= 00000018
$17 <= 00000002
$16 <= 00000030
$ 3 <= 00000019
$17 <= 00000002
$16 <= 00000032
$ 3 <= 0000001a
$17 <= 00000002
$16 <= 00000034
$ 3 <= 0000001b
$17 <= 00000002
$16 <= 00000036
$ 3 <= 0000001c
$17 <= 00000002
$16 <= 00000038
$ 3 <= 0000001d
$17 <= 00000002
$16 <= 0000003a
$ 3 <= 0000001e
$17 <= 00000002
$16 <= 0000003c
$ 3 <= 0000001f
$17 <= 00000002
$16 <= 0000003e
$ 3 <= 00000020
$17 <= 00000002
# run 1.00us
$16 <= 00000040
$ 3 <= 00000021
$17 <= 00000002
$16 <= 00000042
$ 3 <= 00000022
$17 <= 00000002
$16 <= 00000044
$ 3 <= 00000023
$17 <= 00000002
$16 <= 00000046
$ 3 <= 00000024
$17 <= 00000002
$16 <= 00000048
$ 3 <= 00000025
$17 <= 00000002
$16 <= 0000004a
$ 3 <= 00000026
$17 <= 00000002
$16 <= 0000004c
$ 3 <= 00000027
$17 <= 00000002
$16 <= 0000004e
$ 3 <= 00000028
$17 <= 00000002
$16 <= 00000050
$ 3 <= 00000029
$17 <= 00000002
$16 <= 00000052
# run 1.00us
$ 3 <= 0000002a
$17 <= 00000002
$16 <= 00000054
$ 3 <= 0000002b
$17 <= 00000002
$16 <= 00000056
$ 3 <= 0000002c
$17 <= 00000002
$16 <= 00000058
$ 3 <= 0000002d
$17 <= 00000002
$16 <= 0000005a
$ 3 <= 0000002e
$17 <= 00000002
$16 <= 0000005c
$ 3 <= 0000002f
$17 <= 00000002
$16 <= 0000005e
$ 3 <= 00000030
$17 <= 00000002
$16 <= 00000060
$ 3 <= 00000031
$17 <= 00000002
$16 <= 00000062
$ 3 <= 00000032
$17 <= 00000002
$16 <= 00000064
# run 1.00us
$ 3 <= 00000033
$17 <= 00000002
$16 <= 00000066
$ 3 <= 00000034
$17 <= 00000002
$16 <= 00000068
$ 3 <= 00000035
$17 <= 00000002
$16 <= 0000006a
$ 3 <= 00000036
$17 <= 00000002
$16 <= 0000006c
$ 3 <= 00000037
$17 <= 00000002
$16 <= 0000006e
$ 3 <= 00000038
$17 <= 00000002
$16 <= 00000070
$ 3 <= 00000039
$17 <= 00000002
$16 <= 00000072
$ 3 <= 0000003a
$17 <= 00000002
$16 <= 00000074
$ 3 <= 0000003b
$17 <= 00000002
$16 <= 00000076
# run 1.00us
$ 3 <= 0000003c
$17 <= 00000002
$16 <= 00000078
$ 3 <= 0000003d
$17 <= 00000002
$16 <= 0000007a
$ 3 <= 0000003e
$17 <= 00000002
$16 <= 0000007c
$ 3 <= 0000003f
$17 <= 00000002
$16 <= 0000007e
$ 3 <= 00000040
$17 <= 00000002
$16 <= 00000080
$ 3 <= 00000041
$17 <= 00000002
$16 <= 00000082
$ 3 <= 00000042
$17 <= 00000002
$16 <= 00000084
$ 3 <= 00000043
$17 <= 00000002
$16 <= 00000086
$ 3 <= 00000044
$17 <= 00000002
$16 <= 00000088
$ 3 <= 00000045
# run 1.00us
$17 <= 00000002
$16 <= 0000008a
$ 3 <= 00000046
$17 <= 00000002
$16 <= 0000008c
$ 3 <= 00000047
$17 <= 00000002
$16 <= 0000008e
$ 3 <= 00000048
$17 <= 00000002
$16 <= 00000090
$ 3 <= 00000049
$17 <= 00000002
$16 <= 00000092
$ 3 <= 0000004a
$17 <= 00000002
$16 <= 00000094
$ 3 <= 0000004b
$17 <= 00000002
$16 <= 00000096
$ 3 <= 0000004c
$17 <= 00000002
$16 <= 00000098
$ 3 <= 0000004d
$17 <= 00000002
$16 <= 0000009a
$ 3 <= 0000004e
$17 <= 00000002
# run 1.00us
$16 <= 0000009c
$ 3 <= 0000004f
$17 <= 00000002
$16 <= 0000009e
$ 3 <= 00000050
$17 <= 00000002
$16 <= 000000a0
$ 3 <= 00000051
$17 <= 00000002
$16 <= 000000a2
$ 3 <= 00000052
$17 <= 00000002
$16 <= 000000a4
$ 3 <= 00000053
$17 <= 00000002
$16 <= 000000a6
$ 3 <= 00000054
$17 <= 00000002
$16 <= 000000a8
$ 3 <= 00000055
$17 <= 00000002
$16 <= 000000aa
$ 3 <= 00000056
$17 <= 00000002
$16 <= 000000ac
$ 3 <= 00000057
$17 <= 00000002
